<?xml version="1.0" encoding="UTF-8"?>
<!-- Generated by org.testng.reporters.JUnitXMLReporter -->
<testsuite ignored="0" hostname="Abhijit" failures="0" tests="7" name="Test" time="36.38" errors="0" timestamp="08 Mar 2024 06:09:43 GMT">
  <testcase classname="com.xyzbank.qa.testcases.LoginTest" name="verifyLogin" time="1.794"/>
  <testcase classname="com.xyzbank.qa.testcases.DepositTest" name="DepositMoney" time="2.421"/>
  <testcase classname="com.xyzbank.qa.testcases.WithdrawTest" name="DepositMoney" time="2.418"/>
  <testcase classname="com.xyzbank.qa.testcases.AddNewCustomerTest" name="verifyManagerLogin" time="1.855"/>
  <testcase classname="com.xyzbank.qa.testcases.SearchCustomerTest" name="verifySearch" time="1.625"/>
  <testcase classname="com.xyzbank.qa.testcases.HomepageTest" name="homePageTest" time="0.758"/>
  <testcase classname="com.xyzbank.qa.testcases.OpenNewAccountTest" name="createAccount" time="1.846"/>
</testsuite> <!-- Test -->
